Assuming unrestricted shared filesystem usage.
None
host: l24-0691
Building DAG of jobs...
Using shell: /usr/bin/bash
Provided cores: 8
Rules claiming more threads will be scaled down.
Job stats:
job        count
-------  -------
compile        1
total          1

Select jobs to execute...
Execute 1 jobs...
[Mon May 26 20:02:22 2025]
localrule compile:
    output: results/results-varying_beta-hsgp-df_9999-beta_9999-n_32.rds, results/rates-varying_beta-hsgp-df_9999-beta_9999-n_32.rds
    jobid: 0
    reason: Missing output files: results/results-varying_beta-hsgp-df_9999-beta_9999-n_32.rds
    wildcards: style=varying_beta, dgp=hsgp, df=9999, beta=9999, n=32
    resources: tmpdir=/tmp

[Mon May 26 20:09:46 2025]
Finished jobid: 0 (Rule: compile)
1 of 1 steps (100%) done
Complete log(s): /u/84/tessoh1/data/Desktop/Git Repositories/LOO-PIT-Project/.snakemake/log/2025-05-26T200222.845948.snakemake.log
