Assuming unrestricted shared filesystem usage.
None
host: l24-0691
Building DAG of jobs...
Using shell: /usr/bin/bash
Provided cores: 4
Rules claiming more threads will be scaled down.
Job stats:
job        count
-------  -------
compile        1
total          1

Select jobs to execute...
Execute 1 jobs...
[Mon May 26 21:16:04 2025]
localrule compile:
    output: results/results-varying_beta-hsgp-df_9999-beta_9999-n_32.rds, results/rates-varying_beta-hsgp-df_9999-beta_9999-n_32.rds
    jobid: 0
    reason: Missing output files: results/results-varying_beta-hsgp-df_9999-beta_9999-n_32.rds
    wildcards: style=varying_beta, dgp=hsgp, df=9999, beta=9999, n=32
    resources: tmpdir=/tmp

Terminating processes on user request, this might take some time.
RuleException:
CalledProcessError in file "/u/84/tessoh1/data/Desktop/Git Repositories/LOO-PIT-Project/Snakefile", line 9:
Command 'set -euo pipefail;  Rscript --vanilla '/u/84/tessoh1/data/Desktop/Git Repositories/LOO-PIT-Project/.snakemake/scripts/tmp480yc9z4.main.R'' returned non-zero exit status 1.
[Mon May 26 21:33:11 2025]
Error in rule compile:
    message: None
    jobid: 0
    output: results/results-varying_beta-hsgp-df_9999-beta_9999-n_32.rds, results/rates-varying_beta-hsgp-df_9999-beta_9999-n_32.rds
Complete log(s): /u/84/tessoh1/data/Desktop/Git Repositories/LOO-PIT-Project/.snakemake/log/2025-05-26T211604.403365.snakemake.log
WorkflowError:
At least one job did not complete successfully.
