Assuming unrestricted shared filesystem usage.
None
host: l24-0691
Building DAG of jobs...
Using shell: /usr/bin/bash
Provided cores: 16
Rules claiming more threads will be scaled down.
Job stats:
job        count
-------  -------
compile        1
total          1

Select jobs to execute...
Execute 1 jobs...
[Thu May 29 09:49:24 2025]
localrule compile:
    output: results/results-varying_nu-student_t-df_9999-beta_9999-n_256.rds, results/rates-varying_nu-student_t-df_9999-beta_9999-n_256.rds
    jobid: 0
    reason: Missing output files: results/results-varying_nu-student_t-df_9999-beta_9999-n_256.rds
    wildcards: style=varying_nu, dgp=student_t, df=9999, beta=9999, n=256
    resources: tmpdir=/tmp

